Arguments: 
  /Users/paulwoojungkim/.nvm/versions/node/v16.3.0/bin/node /Users/paulwoojungkim/.nvm/versions/node/v16.3.0/bin/yarn add --dev stylelint stylelint-config-sass-guidlines stylelint-config-prettier stylelint-prettier prettier

PATH: 
  /Users/paulwoojungkim/.nvm/versions/node/v16.3.0/bin:/usr/local/bin:/usr/bin:/bin:/usr/sbin:/sbin:/Users/paulwoojungkim/.nvm/versions/node/v16.3.0/bin:/opt/homebrew/bin:/opt/homebrew/sbin

Yarn version: 
  1.22.11

Node version: 
  16.3.0

Platform: 
  darwin arm64

Trace: 
  Error: https://registry.yarnpkg.com/stylelint-config-sass-guidlines: Not found
      at Request.params.callback [as _callback] (/Users/paulwoojungkim/.nvm/versions/node/v16.3.0/lib/node_modules/yarn/lib/cli.js:66992:18)
      at Request.self.callback (/Users/paulwoojungkim/.nvm/versions/node/v16.3.0/lib/node_modules/yarn/lib/cli.js:140763:22)
      at Request.emit (node:events:394:28)
      at Request.<anonymous> (/Users/paulwoojungkim/.nvm/versions/node/v16.3.0/lib/node_modules/yarn/lib/cli.js:141735:10)
      at Request.emit (node:events:394:28)
      at IncomingMessage.<anonymous> (/Users/paulwoojungkim/.nvm/versions/node/v16.3.0/lib/node_modules/yarn/lib/cli.js:141657:12)
      at Object.onceWrapper (node:events:513:28)
      at IncomingMessage.emit (node:events:406:35)
      at endReadableNT (node:internal/streams/readable:1329:12)
      at processTicksAndRejections (node:internal/process/task_queues:83:21)

npm manifest: 
  {
    "name": "react_for_senior_engineers",
    "version": "1.0.0",
    "main": "index.js",
    "repository": "git@github.com:wj2kim/react_for_senior_engineers.git",
    "author": "wj2kim <wj2kim@gmail.com>",
    "license": "MIT",
    "dependencies": {
      "normalize-scss": "^7.0.1"
    }
  }

yarn manifest: 
  No manifest

Lockfile: 
  # THIS IS AN AUTOGENERATED FILE. DO NOT EDIT THIS FILE DIRECTLY.
  # yarn lockfile v1
  
  
  normalize-scss@^7.0.1:
    version "7.0.1"
    resolved "https://registry.yarnpkg.com/normalize-scss/-/normalize-scss-7.0.1.tgz#74485e82bb5d0526371136422a09fdb868ffc1a4"
    integrity sha512-qj16bWnYs+9/ac29IgGjySg4R5qQTp1lXfm7ApFOZNVBYFY8RZ3f8+XQNDDLHeDtI3Ba7Jj4+LuPgz9v/fne2A==
